▲ Next.js 16.1.6 (Turbopack)
- Environments: .env.local

  Creating an optimized production build ...
✓ Compiled successfully in 9.1s
  Running TypeScript ...
  Collecting page data using 15 workers ...
  Generating static pages using 15 workers (0/31) ...
null
null
null
null
[]
null
null
null
null
null

⚠ Warning: Next.js inferred your workspace root, but it may not be correct.
 We detected multiple lockfiles and selected the directory of C:\Users\admin\Downloads\code_web\medi_assist\package-lock.json as the root directory.
 To silence this warning, set `turbopack.root` in your Next.js config, or consider removing one of the lockfiles if it's not needed.
   See https://nextjs.org/docs/app/api-reference/config/next-config-js/turbopack#root-directory for more information.
 Detected additional lockfiles: 
   * C:\Users\admin\Downloads\code_web\medi_assist\frontend\package-lock.json

⨯ useSearchParams() should be wrapped in a suspense boundary at page "/admin/medicines/detail". Read more: https://nextjs.org/docs/messages/missing-suspense-with-csr-bailout
    at Q (C:\Users\admin\Downloads\code_web\medi_assist\frontend\.next\server\chunks\ssr\9e883_next_7c4b419b._.js:2:2111)
    at o (C:\Users\admin\Downloads\code_web\medi_assist\frontend\.next\server\chunks\ssr\9e883_next_7c4b419b._.js:4:5283)
    at k (C:\Users\admin\Downloads\code_web\medi_assist\frontend\.next\server\chunks\ssr\[root-of-the-server]__8a85ca50._.js:1:1552)
    at an (C:\Users\admin\Downloads\code_web\medi_assist\frontend\node_modules\next\dist\compiled\next-server\app-page-turbo.runtime.prod.js:2:84360)
    at ai (C:\Users\admin\Downloads\code_web\medi_assist\frontend\node_modules\next\dist\compiled\next-server\app-page-turbo.runtime.prod.js:2:86179)
    at al (C:\Users\admin\Downloads\code_web\medi_assist\frontend\node_modules\next\dist\compiled\next-server\app-page-turbo.runtime.prod.js:2:107953)
    at as (C:\Users\admin\Downloads\code_web\medi_assist\frontend\node_modules\next\dist\compiled\next-server\app-page-turbo.runtime.prod.js:2:105368)
    at aa (C:\Users\admin\Downloads\code_web\medi_assist\frontend\node_modules\next\dist\compiled\next-server\app-page-turbo.runtime.prod.js:2:84712)
    at ai (C:\Users\admin\Downloads\code_web\medi_assist\frontend\node_modules\next\dist\compiled\next-server\app-page-turbo.runtime.prod.js:2:86228)
    at ai (C:\Users\admin\Downloads\code_web\medi_assist\frontend\node_modules\next\dist\compiled\next-server\app-page-turbo.runtime.prod.js:2:104708)
Error occurred prerendering page "/admin/medicines/detail". Read more: https://nextjs.org/docs/messages/prerender-error
Export encountered an error on /admin/medicines/detail/page: /admin/medicines/detail, exiting the build.
⨯ Next.js build worker exited with code: 1 and signal: null
